[35m[Appium][39m Welcome to Appium v1.22.3
[35m[Appium][39m Non-default server args:
[35m[Appium][39m   port: 59197
[35m[Appium][39m   loglevel: info
[35m[Appium][39m   tmpDir: C:\Users\095059\AppData\Local\Temp\\Katalon\Appium\Temp1657509607559
[35m[Appium][39m   chromedriverPort: 59198
[35m[Appium][39m Deprecated server args:
[35m[Appium][39m   [31m--chromedriver-port[39m => --default-capabilities
[35m[Appium][39m Default capabilities, which will be added to each request unless overridden by desired capabilities:
[35m[Appium][39m   chromedriverPort: 59198
[35m[Appium][39m Appium REST http interface listener started on 0.0.0.0:59197
[35m[HTTP][39m [37m-->[39m [37mGET[39m [37m/wd/hub/status[39m
[35m[HTTP][39m [90m{}[39m
[35m[HTTP][39m [37m<-- GET /wd/hub/status [39m[32m200[39m [90m4 ms - 68[39m
[35m[HTTP][39m [90m[39m
[35m[HTTP][39m [37m-->[39m [37mGET[39m [37m/wd/hub/status[39m
[35m[HTTP][39m [90m{}[39m
[35m[HTTP][39m [37m<-- GET /wd/hub/status [39m[32m200[39m [90m1 ms - 68[39m
[35m[HTTP][39m [90m[39m
[35m[HTTP][39m [37m-->[39m [37mPOST[39m [37m/wd/hub/session[39m
[35m[HTTP][39m [90m{"desiredCapabilities":{"appActivity":".Settings","appPackage":"com.android.settings","newCommandTimeout":1800,"platformVersion":"10","automationName":"uiautomator2","autoGrantPermissions":true,"platformName":"Android","udid":"192.168.125.101:5555","deviceName":"Genymobile Google Pixel 2 (Android 10)","platform":"ANDROID","systemPort":8296},"capabilities":{"firstMatch":[{"appium:appActivity":".Settings","appium:appPackage":"com.android.settings","appium:autoGrantPermissions":true,"appium:automationName":"uiautomator2","appium:deviceName":"Genymobile Google Pixel 2 (Android 10)","appium:newCommandTimeout":1800,"platform":"ANDROID","platformName":"android","appium:platformVersion":"10","appium:systemPort":8296,"appium:udid":"192.168.125.101:5555"}]}}[39m
[35m[BaseDriver][39m The following capabilities are not standard capabilities and should have an extension prefix:
[35m[BaseDriver][39m   platform
[35m[BaseDriver][39m   chromedriverPort
[35m[Appium][39m Appium v1.22.3 creating new AndroidUiautomator2Driver (v1.70.1) session
[35m[BaseDriver][39m The following capabilities were provided, but are not recognized by Appium:
[35m[BaseDriver][39m   platform
[35m[BaseDriver][39m Session created with session id: 546aaf0d-058d-44e4-946c-265ad5e228c8
[35m[UiAutomator2][39m Starting 'com.android.settings' directly on the device
[35m[ADB][39m Found 1 'build-tools' folders under 'C:\Users\095059\.katalon\tools\android_sdk' (newest first):
[35m[ADB][39m     C:/Users/095059/.katalon/tools/android_sdk/build-tools/29.0.3
[35m[ADB][39m Using 'adb.exe' from 'C:\Users\095059\.katalon\tools\android_sdk\platform-tools\adb.exe'
[35m[AndroidDriver][39m Retrieving device list
[35m[AndroidDriver][39m Using device: 192.168.125.101:5555
[35m[ADB][39m Using 'adb.exe' from 'C:\Users\095059\.katalon\tools\android_sdk\platform-tools\adb.exe'
[35m[ADB][39m Getting device platform version
[35m[UiAutomator2][39m Relaxing hidden api policy
[35m[AndroidDriver][39m No app sent in, not parsing package/activity
[35m[ADB][39m Using 'apksigner.jar' from 'C:\Users\095059\.katalon\tools\android_sdk\build-tools\29.0.3\lib\apksigner.jar'
[35m[ADB][39m 'C:\Users\095059\AppData\Roaming\npm\node_modules\appium\node_modules\appium-uiautomator2-server\apks\appium-uiautomator2-server-v4.27.0.apk' is signed with the default certificate
[35m[ADB][39m 'C:\Users\095059\AppData\Roaming\npm\node_modules\appium\node_modules\appium-uiautomator2-server\apks\appium-uiautomator2-server-debug-androidTest.apk' is signed with the default certificate
[35m[UiAutomator2][39m Server packages are not going to be (re)installed
[35m[ADB][39m Adding packages ["io.appium.settings","io.appium.uiautomator2.server","io.appium.uiautomator2.server.test"] to Doze whitelist
[35m[UiAutomator2][39m Starting UIAutomator2 server 4.27.0
[35m[UiAutomator2][39m Using UIAutomator2 server from 'C:\Users\095059\AppData\Roaming\npm\node_modules\appium\node_modules\appium-uiautomator2-server\apks\appium-uiautomator2-server-v4.27.0.apk' and test from 'C:\Users\095059\AppData\Roaming\npm\node_modules\appium\node_modules\appium-uiautomator2-server\apks\appium-uiautomator2-server-debug-androidTest.apk'
[35m[UiAutomator2][39m Waiting up to 30000ms for UiAutomator2 to be online...
[35m[WD Proxy][39m socket hang up
[35m[WD Proxy][39m socket hang up
[35m[WD Proxy][39m socket hang up
[35m[WD Proxy][39m Determined the downstream protocol as 'W3C'
[35m[AndroidDriver][39m Screen already unlocked, doing nothing
[35m[UiAutomator2][39m Starting 'com.android.settings/.Settings and waiting for 'com.android.settings/.Settings'
[35m[Appium][39m New AndroidUiautomator2Driver session created successfully, session 546aaf0d-058d-44e4-946c-265ad5e228c8 added to master session list
[35m[HTTP][39m [37m<-- POST /wd/hub/session [39m[32m200[39m [90m7940 ms - 1212[39m
[35m[HTTP][39m [90m[39m
[35m[HTTP][39m [37m-->[39m [37mGET[39m [37m/wd/hub/session/546aaf0d-058d-44e4-946c-265ad5e228c8[39m
[35m[HTTP][39m [90m{}[39m
[35m[HTTP][39m [37m<-- GET /wd/hub/session/546aaf0d-058d-44e4-946c-265ad5e228c8 [39m[32m200[39m [90m20 ms - 1166[39m
[35m[HTTP][39m [90m[39m
[35m[HTTP][39m [37m-->[39m [37mGET[39m [37m/wd/hub/session/546aaf0d-058d-44e4-946c-265ad5e228c8[39m
[35m[HTTP][39m [90m{}[39m
[35m[HTTP][39m [37m<-- GET /wd/hub/session/546aaf0d-058d-44e4-946c-265ad5e228c8 [39m[32m200[39m [90m18 ms - 1166[39m
[35m[HTTP][39m [90m[39m
[35m[HTTP][39m [37m-->[39m [37mGET[39m [37m/wd/hub/status[39m
[35m[HTTP][39m [90m{}[39m
[35m[HTTP][39m [37m<-- GET /wd/hub/status [39m[32m200[39m [90m1 ms - 68[39m
[35m[HTTP][39m [90m[39m
[35m[HTTP][39m [37m-->[39m [37mPOST[39m [37m/wd/hub/session/546aaf0d-058d-44e4-946c-265ad5e228c8/timeouts[39m
[35m[HTTP][39m [90m{"implicit":60000}[39m
[35m[HTTP][39m [37m<-- POST /wd/hub/session/546aaf0d-058d-44e4-946c-265ad5e228c8/timeouts [39m[32m200[39m [90m5 ms - 14[39m
[35m[HTTP][39m [90m[39m
[35m[HTTP][39m [37m-->[39m [37mGET[39m [37m/wd/hub/session/546aaf0d-058d-44e4-946c-265ad5e228c8/screenshot[39m
[35m[HTTP][39m [90m{}[39m
[35m[HTTP][39m [37m<-- GET /wd/hub/session/546aaf0d-058d-44e4-946c-265ad5e228c8/screenshot [39m[32m200[39m [90m544 ms - 61000[39m
[35m[HTTP][39m [90m[39m
[35m[HTTP][39m [37m-->[39m [37mGET[39m [37m/wd/hub/session/546aaf0d-058d-44e4-946c-265ad5e228c8/window/rect[39m
[35m[HTTP][39m [90m{}[39m
[35m[HTTP][39m [37m<-- GET /wd/hub/session/546aaf0d-058d-44e4-946c-265ad5e228c8/window/rect [39m[32m200[39m [90m39 ms - 50[39m
[35m[HTTP][39m [90m[39m
[35m[HTTP][39m [37m-->[39m [37mGET[39m [37m/wd/hub/session/546aaf0d-058d-44e4-946c-265ad5e228c8/appium/device/system_bars[39m
[35m[HTTP][39m [90m{}[39m
[35m[HTTP][39m [37m<-- GET /wd/hub/session/546aaf0d-058d-44e4-946c-265ad5e228c8/appium/device/system_bars [39m[32m200[39m [90m167 ms - 148[39m
[35m[HTTP][39m [90m[39m
[35m[HTTP][39m [37m-->[39m [37mPOST[39m [37m/wd/hub/session/546aaf0d-058d-44e4-946c-265ad5e228c8/appium/device/activate_app[39m
[35m[HTTP][39m [90m{"bundleId":"com.example.mikebanks.bankscorpfinancial"}[39m
[35m[HTTP][39m [37m<-- POST /wd/hub/session/546aaf0d-058d-44e4-946c-265ad5e228c8/appium/device/activate_app [39m[32m200[39m [90m558 ms - 14[39m
[35m[HTTP][39m [90m[39m
[35m[HTTP][39m [37m-->[39m [37mGET[39m [37m/wd/hub/session/546aaf0d-058d-44e4-946c-265ad5e228c8/source[39m
[35m[HTTP][39m [90m{}[39m
[35m[W3C (546aaf0d)][39m Driver proxy active, passing request on via HTTP proxy
[35m[WD Proxy][39m Replacing sessionId b16e3010-e448-4f78-9f20-719faa187447 with 546aaf0d-058d-44e4-946c-265ad5e228c8
[35m[HTTP][39m [37m<-- GET /wd/hub/session/546aaf0d-058d-44e4-946c-265ad5e228c8/source [39m[32m200[39m [90m1315 ms - 10646[39m
[35m[HTTP][39m [90m[39m
[35m[HTTP][39m [37m-->[39m [37mGET[39m [37m/wd/hub/session/546aaf0d-058d-44e4-946c-265ad5e228c8/screenshot[39m
[35m[HTTP][39m [90m{}[39m
[35m[HTTP][39m [37m<-- GET /wd/hub/session/546aaf0d-058d-44e4-946c-265ad5e228c8/screenshot [39m[32m200[39m [90m662 ms - 80850[39m
[35m[HTTP][39m [90m[39m
[35m[HTTP][39m [37m-->[39m [37mGET[39m [37m/wd/hub/session/546aaf0d-058d-44e4-946c-265ad5e228c8/source[39m
[35m[HTTP][39m [90m{}[39m
[35m[W3C (546aaf0d)][39m Driver proxy active, passing request on via HTTP proxy
[35m[WD Proxy][39m Replacing sessionId b16e3010-e448-4f78-9f20-719faa187447 with 546aaf0d-058d-44e4-946c-265ad5e228c8
[35m[HTTP][39m [37m<-- GET /wd/hub/session/546aaf0d-058d-44e4-946c-265ad5e228c8/source [39m[32m200[39m [90m56 ms - 4383[39m
[35m[HTTP][39m [90m[39m
[35m[HTTP][39m [37m-->[39m [37mGET[39m [37m/wd/hub/session/546aaf0d-058d-44e4-946c-265ad5e228c8/screenshot[39m
[35m[HTTP][39m [90m{}[39m
[35m[HTTP][39m [37m<-- GET /wd/hub/session/546aaf0d-058d-44e4-946c-265ad5e228c8/screenshot [39m[32m200[39m [90m463 ms - 100788[39m
[35m[HTTP][39m [90m[39m
[35m[HTTP][39m [37m-->[39m [37mPOST[39m [37m/wd/hub/session/546aaf0d-058d-44e4-946c-265ad5e228c8/elements[39m
[35m[HTTP][39m [90m{"using":"xpath","value":"//*[@class = 'android.widget.TextView' and (@text = 'Add an Account' or . = 'Add an Account') and @resource-id = 'com.example.mikebanks.bankscorpfinancial:id/textView']"}[39m
[35m[HTTP][39m [37m<-- POST /wd/hub/session/546aaf0d-058d-44e4-946c-265ad5e228c8/elements [39m[32m200[39m [90m331 ms - 139[39m
[35m[HTTP][39m [90m[39m
[35m[HTTP][39m [37m-->[39m [37mPOST[39m [37m/wd/hub/session/546aaf0d-058d-44e4-946c-265ad5e228c8/elements[39m
[35m[HTTP][39m [90m{"using":"xpath","value":"//*[@class = 'android.widget.EditText' and (@text = 'Account Name' or . = 'Account Name') and @resource-id = 'com.example.mikebanks.bankscorpfinancial:id/edt_payee_name']"}[39m
[35m[HTTP][39m [37m<-- POST /wd/hub/session/546aaf0d-058d-44e4-946c-265ad5e228c8/elements [39m[32m200[39m [90m82 ms - 139[39m
[35m[HTTP][39m [90m[39m
[35m[HTTP][39m [37m-->[39m [37mPOST[39m [37m/wd/hub/session/546aaf0d-058d-44e4-946c-265ad5e228c8/elements[39m
[35m[HTTP][39m [90m{"using":"xpath","value":"//*[@class = 'android.widget.EditText' and (@text = 'Initial Balance (Optional)' or . = 'Initial Balance (Optional)') and @resource-id = 'com.example.mikebanks.bankscorpfinancial:id/edt_init_bal']"}[39m
[35m[HTTP][39m [37m<-- POST /wd/hub/session/546aaf0d-058d-44e4-946c-265ad5e228c8/elements [39m[32m200[39m [90m73 ms - 139[39m
[35m[HTTP][39m [90m[39m
[35m[HTTP][39m [37m-->[39m [37mPOST[39m [37m/wd/hub/session/546aaf0d-058d-44e4-946c-265ad5e228c8/elements[39m
[35m[HTTP][39m [90m{"using":"xpath","value":"//*[@class = 'android.widget.Button' and (@text = 'CANCEL' or . = 'CANCEL') and @resource-id = 'com.example.mikebanks.bankscorpfinancial:id/btn_cancel_dialog']"}[39m
[35m[HTTP][39m [37m<-- POST /wd/hub/session/546aaf0d-058d-44e4-946c-265ad5e228c8/elements [39m[32m200[39m [90m75 ms - 139[39m
[35m[HTTP][39m [90m[39m
[35m[HTTP][39m [37m-->[39m [37mPOST[39m [37m/wd/hub/session/546aaf0d-058d-44e4-946c-265ad5e228c8/elements[39m
[35m[HTTP][39m [90m{"using":"xpath","value":"//*[@class = 'android.widget.Button' and (@text = 'ADD' or . = 'ADD') and @resource-id = 'com.example.mikebanks.bankscorpfinancial:id/btn_add_payee']"}[39m
[35m[HTTP][39m [37m<-- POST /wd/hub/session/546aaf0d-058d-44e4-946c-265ad5e228c8/elements [39m[32m200[39m [90m73 ms - 139[39m
[35m[HTTP][39m [90m[39m
[35m[HTTP][39m [37m-->[39m [37mGET[39m [37m/wd/hub/session/546aaf0d-058d-44e4-946c-265ad5e228c8/source[39m
[35m[HTTP][39m [90m{}[39m
[35m[W3C (546aaf0d)][39m Driver proxy active, passing request on via HTTP proxy
[35m[WD Proxy][39m Replacing sessionId b16e3010-e448-4f78-9f20-719faa187447 with 546aaf0d-058d-44e4-946c-265ad5e228c8
[35m[HTTP][39m [37m<-- GET /wd/hub/session/546aaf0d-058d-44e4-946c-265ad5e228c8/source [39m[32m200[39m [90m87 ms - 4546[39m
[35m[HTTP][39m [90m[39m
[35m[HTTP][39m [37m-->[39m [37mGET[39m [37m/wd/hub/session/546aaf0d-058d-44e4-946c-265ad5e228c8/screenshot[39m
[35m[HTTP][39m [90m{}[39m
[35m[HTTP][39m [37m<-- GET /wd/hub/session/546aaf0d-058d-44e4-946c-265ad5e228c8/screenshot [39m[32m200[39m [90m692 ms - 185644[39m
[35m[HTTP][39m [90m[39m
[35m[HTTP][39m [37m-->[39m [37mPOST[39m [37m/wd/hub/session/546aaf0d-058d-44e4-946c-265ad5e228c8/elements[39m
[35m[HTTP][39m [90m{"using":"xpath","value":"//*[@class = 'android.widget.Toast' and (@text = 'Please enter an account name' or . = 'Please enter an account name')]"}[39m
[35m[HTTP][39m [37m<-- POST /wd/hub/session/546aaf0d-058d-44e4-946c-265ad5e228c8/elements [39m[32m200[39m [90m79 ms - 139[39m
[35m[HTTP][39m [90m[39m
[35m[HTTP][39m [37m-->[39m [37mGET[39m [37m/wd/hub/session/546aaf0d-058d-44e4-946c-265ad5e228c8/source[39m
[35m[HTTP][39m [90m{}[39m
[35m[W3C (546aaf0d)][39m Driver proxy active, passing request on via HTTP proxy
[35m[WD Proxy][39m Replacing sessionId b16e3010-e448-4f78-9f20-719faa187447 with 546aaf0d-058d-44e4-946c-265ad5e228c8
[35m[HTTP][39m [37m<-- GET /wd/hub/session/546aaf0d-058d-44e4-946c-265ad5e228c8/source [39m[32m200[39m [90m48 ms - 4560[39m
[35m[HTTP][39m [90m[39m
[35m[HTTP][39m [37m-->[39m [37mGET[39m [37m/wd/hub/session/546aaf0d-058d-44e4-946c-265ad5e228c8/screenshot[39m
[35m[HTTP][39m [90m{}[39m
[35m[HTTP][39m [37m<-- GET /wd/hub/session/546aaf0d-058d-44e4-946c-265ad5e228c8/screenshot [39m[32m200[39m [90m630 ms - 191376[39m
[35m[HTTP][39m [90m[39m
[35m[HTTP][39m [37m-->[39m [37mPOST[39m [37m/wd/hub/session/546aaf0d-058d-44e4-946c-265ad5e228c8/elements[39m
[35m[HTTP][39m [90m{"using":"xpath","value":"//*[@class = 'android.widget.Toast' and (@text = 'You already have an account with that name' or . = 'You already have an account with that name')]"}[39m
[35m[HTTP][39m [37m<-- POST /wd/hub/session/546aaf0d-058d-44e4-946c-265ad5e228c8/elements [39m[32m200[39m [90m7370 ms - 139[39m
[35m[HTTP][39m [90m[39m
[35m[HTTP][39m [37m-->[39m [37mGET[39m [37m/wd/hub/session/546aaf0d-058d-44e4-946c-265ad5e228c8/source[39m
[35m[HTTP][39m [90m{}[39m
[35m[W3C (546aaf0d)][39m Driver proxy active, passing request on via HTTP proxy
[35m[WD Proxy][39m Replacing sessionId b16e3010-e448-4f78-9f20-719faa187447 with 546aaf0d-058d-44e4-946c-265ad5e228c8
[35m[HTTP][39m [37m<-- GET /wd/hub/session/546aaf0d-058d-44e4-946c-265ad5e228c8/source [39m[32m200[39m [90m151 ms - 20700[39m
[35m[HTTP][39m [90m[39m
[35m[HTTP][39m [37m-->[39m [37mGET[39m [37m/wd/hub/session/546aaf0d-058d-44e4-946c-265ad5e228c8/screenshot[39m
[35m[HTTP][39m [90m{}[39m
[35m[HTTP][39m [37m<-- GET /wd/hub/session/546aaf0d-058d-44e4-946c-265ad5e228c8/screenshot [39m[32m200[39m [90m685 ms - 223002[39m
[35m[HTTP][39m [90m[39m
[35m[HTTP][39m [37m-->[39m [37mPOST[39m [37m/wd/hub/session/546aaf0d-058d-44e4-946c-265ad5e228c8/elements[39m
[35m[HTTP][39m [90m{"using":"xpath","value":"//*[@class = 'android.widget.ImageButton' and (@text = '' or . = '')]"}[39m
[35m[HTTP][39m [37m<-- POST /wd/hub/session/546aaf0d-058d-44e4-946c-265ad5e228c8/elements [39m[32m200[39m [90m77 ms - 267[39m
[35m[HTTP][39m [90m[39m
[35m[HTTP][39m [37m-->[39m [37mPOST[39m [37m/wd/hub/session/546aaf0d-058d-44e4-946c-265ad5e228c8/elements[39m
[35m[HTTP][39m [90m{"using":"accessibility id","value":"Open navigation drawer"}[39m
[35m[HTTP][39m [37m<-- POST /wd/hub/session/546aaf0d-058d-44e4-946c-265ad5e228c8/elements [39m[32m200[39m [90m26 ms - 139[39m
[35m[HTTP][39m [90m[39m
[35m[HTTP][39m [37m-->[39m [37mPOST[39m [37m/wd/hub/session/546aaf0d-058d-44e4-946c-265ad5e228c8/elements[39m
[35m[HTTP][39m [90m{"using":"xpath","value":"//*[@class = 'android.widget.TextView' and (@text = 'Accounts' or . = 'Accounts')]"}[39m
[35m[HTTP][39m [37m<-- POST /wd/hub/session/546aaf0d-058d-44e4-946c-265ad5e228c8/elements [39m[32m200[39m [90m80 ms - 139[39m
[35m[HTTP][39m [90m[39m
[35m[HTTP][39m [37m-->[39m [37mPOST[39m [37m/wd/hub/session/546aaf0d-058d-44e4-946c-265ad5e228c8/elements[39m
[35m[HTTP][39m [90m{"using":"xpath","value":"//*[@class = 'android.widget.TextView' and @resource-id = 'com.example.mikebanks.bankscorpfinancial:id/action_about' and (@text = '' or . = '')]"}[39m
[35m[HTTP][39m [37m<-- POST /wd/hub/session/546aaf0d-058d-44e4-946c-265ad5e228c8/elements [39m[32m200[39m [90m69 ms - 139[39m
[35m[HTTP][39m [90m[39m
[35m[HTTP][39m [37m-->[39m [37mPOST[39m [37m/wd/hub/session/546aaf0d-058d-44e4-946c-265ad5e228c8/elements[39m
[35m[HTTP][39m [90m{"using":"xpath","value":"//*[@class = 'android.widget.ImageView' and (@text = '' or . = '')]"}[39m
[35m[HTTP][39m [37m<-- POST /wd/hub/session/546aaf0d-058d-44e4-946c-265ad5e228c8/elements [39m[32m200[39m [90m73 ms - 651[39m
[35m[HTTP][39m [90m[39m
[35m[HTTP][39m [37m-->[39m [37mPOST[39m [37m/wd/hub/session/546aaf0d-058d-44e4-946c-265ad5e228c8/elements[39m
[35m[HTTP][39m [90m{"using":"accessibility id","value":"More options"}[39m
[35m[HTTP][39m [37m<-- POST /wd/hub/session/546aaf0d-058d-44e4-946c-265ad5e228c8/elements [39m[32m200[39m [90m27 ms - 139[39m
[35m[HTTP][39m [90m[39m
[35m[HTTP][39m [37m-->[39m [37mPOST[39m [37m/wd/hub/session/546aaf0d-058d-44e4-946c-265ad5e228c8/elements[39m
[35m[HTTP][39m [90m{"using":"xpath","value":"//*[@class = 'android.widget.ImageButton' and @resource-id = 'com.example.mikebanks.bankscorpfinancial:id/floating_action_btn' and (@text = '' or . = '')]"}[39m
[35m[HTTP][39m [37m<-- POST /wd/hub/session/546aaf0d-058d-44e4-946c-265ad5e228c8/elements [39m[32m200[39m [90m90 ms - 139[39m
[35m[HTTP][39m [90m[39m
